<?xml version="1.0" encoding="UTF-8"?>
<!-- Generated by org.testng.reporters.JUnitReportReporter -->
<testsuite hostname="LAPTOP-OQUU7BNM" failures="0" tests="4" name="Login_Functionality.Menubar_Functionality" time="2.070" errors="1" timestamp="2024-02-07T14:33:51 IST" skipped="3">
  <testcase classname="Login_Functionality.Menubar_Functionality" name="testcase3" time="0.000">
    <skipped/>
  </testcase> <!-- testcase3 -->
  <system-out/>
  <testcase classname="Login_Functionality.Menubar_Functionality" name="testcase4" time="0.000">
    <skipped/>
  </testcase> <!-- testcase4 -->
  <system-out/>
  <testcase classname="Login_Functionality.Menubar_Functionality" name="testcase2" time="0.000">
    <skipped/>
  </testcase> <!-- testcase2 -->
  <system-out/>
  <testcase classname="Login_Functionality.Menubar_Functionality" name="testcase1" time="2.070">
    <error message="session not created: This version of ChromeDriver only supports Chrome version 119
Current browser version is 121.0.6167.140 with binary path C:\Program Files\Google\Chrome\Application\chrome.exe
Build info: version: &#039;3.141.59&#039;, revision: &#039;e82be7d358&#039;, time: &#039;2018-11-14T08:17:03&#039;
System info: host: &#039;LAPTOP-OQUU7BNM&#039;, ip: &#039;10.0.0.227&#039;, os.name: &#039;Windows 11&#039;, os.arch: &#039;amd64&#039;, os.version: &#039;10.0&#039;, java.version: &#039;17.0.8.1&#039;
Driver info: driver.version: ChromeDriver
remote stacktrace: 	GetHandleVerifier [0x00007FF66DD082B2+55298]
	(No symbol) [0x00007FF66DC75E02]
	(No symbol) [0x00007FF66DB305AB]
	(No symbol) [0x00007FF66DB63E72]
	(No symbol) [0x00007FF66DB632FE]
	(No symbol) [0x00007FF66DB5EC6C]
	(No symbol) [0x00007FF66DB5B30E]
	(No symbol) [0x00007FF66DB9A198]
	(No symbol) [0x00007FF66DB99CB0]
	(No symbol) [0x00007FF66DB91E83]
	(No symbol) [0x00007FF66DB6670A]
	(No symbol) [0x00007FF66DB67964]
	GetHandleVerifier [0x00007FF66E080AAB+3694587]
	GetHandleVerifier [0x00007FF66E0D728E+4048862]
	GetHandleVerifier [0x00007FF66E0CF173+4015811]
	GetHandleVerifier [0x00007FF66DDA47D6+695590]
	(No symbol) [0x00007FF66DC80CE8]
	(No symbol) [0x00007FF66DC7CF34]
	(No symbol) [0x00007FF66DC7D062]
	(No symbol) [0x00007FF66DC6D3A3]
	BaseThreadInitThunk [0x00007FF9E245257D+29]
	RtlUserThreadStart [0x00007FF9E39EAA58+40]
" type="org.openqa.selenium.SessionNotCreatedException">
      <![CDATA[org.openqa.selenium.SessionNotCreatedException: session not created: This version of ChromeDriver only supports Chrome version 119
Current browser version is 121.0.6167.140 with binary path C:\Program Files\Google\Chrome\Application\chrome.exe
Build info: version: '3.141.59', revision: 'e82be7d358', time: '2018-11-14T08:17:03'
System info: host: 'LAPTOP-OQUU7BNM', ip: '10.0.0.227', os.name: 'Windows 11', os.arch: 'amd64', os.version: '10.0', java.version: '17.0.8.1'
Driver info: driver.version: ChromeDriver
remote stacktrace: GetHandleVerifier [0x00007FF66DD082B2+55298]
(No symbol) [0x00007FF66DC75E02]
(No symbol) [0x00007FF66DB305AB]
(No symbol) [0x00007FF66DB63E72]
(No symbol) [0x00007FF66DB632FE]
(No symbol) [0x00007FF66DB5EC6C]
(No symbol) [0x00007FF66DB5B30E]
(No symbol) [0x00007FF66DB9A198]
(No symbol) [0x00007FF66DB99CB0]
(No symbol) [0x00007FF66DB91E83]
(No symbol) [0x00007FF66DB6670A]
(No symbol) [0x00007FF66DB67964]
GetHandleVerifier [0x00007FF66E080AAB+3694587]
GetHandleVerifier [0x00007FF66E0D728E+4048862]
GetHandleVerifier [0x00007FF66E0CF173+4015811]
GetHandleVerifier [0x00007FF66DDA47D6+695590]
(No symbol) [0x00007FF66DC80CE8]
(No symbol) [0x00007FF66DC7CF34]
(No symbol) [0x00007FF66DC7D062]
(No symbol) [0x00007FF66DC6D3A3]
BaseThreadInitThunk [0x00007FF9E245257D+29]
RtlUserThreadStart [0x00007FF9E39EAA58+40]

at java.base/jdk.internal.reflect.NativeConstructorAccessorImpl.newInstance0(Native Method)
at java.base/jdk.internal.reflect.NativeConstructorAccessorImpl.newInstance(NativeConstructorAccessorImpl.java:77)
at java.base/jdk.internal.reflect.DelegatingConstructorAccessorImpl.newInstance(DelegatingConstructorAccessorImpl.java:45)
at java.base/java.lang.reflect.Constructor.newInstanceWithCaller(Constructor.java:499)
at java.base/java.lang.reflect.Constructor.newInstance(Constructor.java:480)
at org.openqa.selenium.remote.W3CHandshakeResponse.lambda$errorHandler$0(W3CHandshakeResponse.java:62)
at org.openqa.selenium.remote.HandshakeResponse.lambda$getResponseFunction$0(HandshakeResponse.java:30)
at org.openqa.selenium.remote.ProtocolHandshake.lambda$createSession$0(ProtocolHandshake.java:126)
at java.base/java.util.stream.ReferencePipeline$3$1.accept(ReferencePipeline.java:197)
at java.base/java.util.Spliterators$ArraySpliterator.tryAdvance(Spliterators.java:1002)
at java.base/java.util.stream.ReferencePipeline.forEachWithCancel(ReferencePipeline.java:129)
at java.base/java.util.stream.AbstractPipeline.copyIntoWithCancel(AbstractPipeline.java:527)
at java.base/java.util.stream.AbstractPipeline.copyInto(AbstractPipeline.java:513)
at java.base/java.util.stream.AbstractPipeline.wrapAndCopyInto(AbstractPipeline.java:499)
at java.base/java.util.stream.FindOps$FindOp.evaluateSequential(FindOps.java:150)
at java.base/java.util.stream.AbstractPipeline.evaluate(AbstractPipeline.java:234)
at java.base/java.util.stream.ReferencePipeline.findFirst(ReferencePipeline.java:647)
at org.openqa.selenium.remote.ProtocolHandshake.createSession(ProtocolHandshake.java:128)
at org.openqa.selenium.remote.ProtocolHandshake.createSession(ProtocolHandshake.java:74)
at org.openqa.selenium.remote.HttpCommandExecutor.execute(HttpCommandExecutor.java:136)
at org.openqa.selenium.remote.service.DriverCommandExecutor.execute(DriverCommandExecutor.java:83)
at org.openqa.selenium.remote.RemoteWebDriver.execute(RemoteWebDriver.java:552)
at org.openqa.selenium.remote.RemoteWebDriver.startSession(RemoteWebDriver.java:213)
at org.openqa.selenium.remote.RemoteWebDriver.<init>(RemoteWebDriver.java:131)
at org.openqa.selenium.chrome.ChromeDriver.<init>(ChromeDriver.java:181)
at org.openqa.selenium.chrome.ChromeDriver.<init>(ChromeDriver.java:168)
at org.openqa.selenium.chrome.ChromeDriver.<init>(ChromeDriver.java:123)
at Login_Functionality.Menubar_Functionality.testcase1(Menubar_Functionality.java:25)
at java.base/jdk.internal.reflect.NativeMethodAccessorImpl.invoke0(Native Method)
at java.base/jdk.internal.reflect.NativeMethodAccessorImpl.invoke(NativeMethodAccessorImpl.java:77)
at java.base/jdk.internal.reflect.DelegatingMethodAccessorImpl.invoke(DelegatingMethodAccessorImpl.java:43)
at java.base/java.lang.reflect.Method.invoke(Method.java:568)
at org.testng.internal.invokers.MethodInvocationHelper.invokeMethod(MethodInvocationHelper.java:139)
at org.testng.internal.invokers.MethodInvocationHelper.invokeMethodConsideringTimeout(MethodInvocationHelper.java:69)
at org.testng.internal.invokers.ConfigInvoker.invokeConfigurationMethod(ConfigInvoker.java:361)
at org.testng.internal.invokers.ConfigInvoker.invokeConfigurations(ConfigInvoker.java:296)
at org.testng.TestRunner.invokeTestConfigurations(TestRunner.java:644)
at org.testng.TestRunner.beforeRun(TestRunner.java:633)
at org.testng.TestRunner.run(TestRunner.java:595)
at org.testng.SuiteRunner.runTest(SuiteRunner.java:437)
at org.testng.SuiteRunner.runSequentially(SuiteRunner.java:431)
at org.testng.SuiteRunner.privateRun(SuiteRunner.java:391)
at org.testng.SuiteRunner.run(SuiteRunner.java:330)
at org.testng.SuiteRunnerWorker.runSuite(SuiteRunnerWorker.java:52)
at org.testng.SuiteRunnerWorker.run(SuiteRunnerWorker.java:95)
at org.testng.TestNG.runSuitesSequentially(TestNG.java:1256)
at org.testng.TestNG.runSuitesLocally(TestNG.java:1176)
at org.testng.TestNG.runSuites(TestNG.java:1099)
at org.testng.TestNG.run(TestNG.java:1067)
at org.testng.remote.AbstractRemoteTestNG.run(AbstractRemoteTestNG.java:115)
at org.testng.remote.RemoteTestNG.initAndRun(RemoteTestNG.java:251)
at org.testng.remote.RemoteTestNG.main(RemoteTestNG.java:77)
]]>
    </error>
  </testcase> <!-- testcase1 -->
  <system-out/>
</testsuite> <!-- Login_Functionality.Menubar_Functionality -->
