<?xml version="1.0" encoding="UTF-8"?>
<!-- Generated by org.testng.reporters.JUnitXMLReporter -->
<testsuite ignored="0" hostname="LAPTOP-OQUU7BNM" failures="2" tests="24" name="Test" time="11.098" errors="0" timestamp="2024-02-08T15:06:03 IST">
  <testcase classname="Automation_Testcases.Login_Functionality" name="@BeforeMethod testcase1" time="0.009">
    <failure type="java.lang.IllegalStateException" message="The driver executable does not exist: C:\Users\Maha\chromedriver-win64(1)\chromedriver-win64\chromedriver.exe">
      <![CDATA[java.lang.IllegalStateException: The driver executable does not exist: C:\Users\Maha\chromedriver-win64(1)\chromedriver-win64\chromedriver.exe
at com.google.common.base.Preconditions.checkState(Preconditions.java:585)
at org.openqa.selenium.remote.service.DriverService.checkExecutable(DriverService.java:146)
at org.openqa.selenium.remote.service.DriverService.findExecutable(DriverService.java:141)
at org.openqa.selenium.chrome.ChromeDriverService.access$000(ChromeDriverService.java:35)
at org.openqa.selenium.chrome.ChromeDriverService$Builder.findDefaultExecutable(ChromeDriverService.java:159)
at org.openqa.selenium.remote.service.DriverService$Builder.build(DriverService.java:355)
at org.openqa.selenium.chrome.ChromeDriverService.createDefaultService(ChromeDriverService.java:94)
at org.openqa.selenium.chrome.ChromeDriver.<init>(ChromeDriver.java:123)
at Automation_Testcases.Login_Functionality.testcase1(Login_Functionality.java:23)
at java.base/java.util.ArrayList.forEach(ArrayList.java:1511)
... Removed 31 stack frames]]>
    </failure>
  </testcase> <!-- @BeforeMethod testcase1 -->
  <testcase classname="Automation_Testcases.Login_Functionality" name="@AfterMethod testcase7" time="0.0">
    <skipped/>
  </testcase> <!-- @AfterMethod testcase7 -->
  <testcase classname="Automation_Testcases.Login_Functionality" name="@BeforeMethod testcase1" time="0.0">
    <skipped/>
  </testcase> <!-- @BeforeMethod testcase1 -->
  <testcase classname="Automation_Testcases.Login_Functionality" name="@AfterMethod testcase7" time="0.0">
    <skipped/>
  </testcase> <!-- @AfterMethod testcase7 -->
  <testcase classname="Automation_Testcases.Login_Functionality" name="@BeforeMethod testcase1" time="0.0">
    <skipped/>
  </testcase> <!-- @BeforeMethod testcase1 -->
  <testcase classname="Automation_Testcases.Login_Functionality" name="@AfterMethod testcase7" time="0.0">
    <skipped/>
  </testcase> <!-- @AfterMethod testcase7 -->
  <testcase classname="Automation_Testcases.Login_Functionality" name="@BeforeMethod testcase1" time="0.0">
    <skipped/>
  </testcase> <!-- @BeforeMethod testcase1 -->
  <testcase classname="Automation_Testcases.Login_Functionality" name="@AfterMethod testcase7" time="0.0">
    <skipped/>
  </testcase> <!-- @AfterMethod testcase7 -->
  <testcase classname="Automation_Testcases.Login_Functionality" name="@BeforeMethod testcase1" time="0.0">
    <skipped/>
  </testcase> <!-- @BeforeMethod testcase1 -->
  <testcase classname="Automation_Testcases.Login_Functionality" name="@AfterMethod testcase7" time="0.0">
    <skipped/>
  </testcase> <!-- @AfterMethod testcase7 -->
  <testcase classname="Automation_Testcases.Addtocart_functionality" name="@AfterMethod testcase6" time="0.001">
    <failure type="java.lang.NullPointerException" message="Cannot invoke &amp;quot;org.openqa.selenium.WebDriver.quit()&amp;quot; because &amp;quot;this.driver&amp;quot; is null">
      <![CDATA[java.lang.NullPointerException: Cannot invoke "org.openqa.selenium.WebDriver.quit()" because "this.driver" is null
at Automation_Testcases.Addtocart_functionality.testcase6(Addtocart_functionality.java:119)
at java.base/java.util.ArrayList.forEach(ArrayList.java:1511)
... Removed 32 stack frames]]>
    </failure>
  </testcase> <!-- @AfterMethod testcase6 -->
  <testcase classname="Automation_Testcases.Addtocart_functionality" name="@BeforeMethod launchtheapplication" time="0.0">
    <skipped/>
  </testcase> <!-- @BeforeMethod launchtheapplication -->
  <testcase classname="Automation_Testcases.Addtocart_functionality" name="@AfterMethod testcase6" time="0.0">
    <skipped/>
  </testcase> <!-- @AfterMethod testcase6 -->
  <testcase classname="Automation_Testcases.Addtocart_functionality" name="@BeforeMethod launchtheapplication" time="0.0">
    <skipped/>
  </testcase> <!-- @BeforeMethod launchtheapplication -->
  <testcase classname="Automation_Testcases.Addtocart_functionality" name="@AfterMethod testcase6" time="0.0">
    <skipped/>
  </testcase> <!-- @AfterMethod testcase6 -->
  <testcase classname="Automation_Testcases.Addtocart_functionality" name="@BeforeMethod launchtheapplication" time="0.0">
    <skipped/>
  </testcase> <!-- @BeforeMethod launchtheapplication -->
  <testcase classname="Automation_Testcases.Addtocart_functionality" name="@AfterMethod testcase6" time="0.0">
    <skipped/>
  </testcase> <!-- @AfterMethod testcase6 -->
  <testcase classname="Automation_Testcases.Filter_Functionality" name="@BeforeMethod testcase1" time="0.009">
    <failure type="java.lang.IllegalStateException" message="The driver executable does not exist: C:\Users\Maha\chromedriver-win64(1)\chromedriver-win64\chromedriver.exe">
      <![CDATA[java.lang.IllegalStateException: The driver executable does not exist: C:\Users\Maha\chromedriver-win64(1)\chromedriver-win64\chromedriver.exe
at com.google.common.base.Preconditions.checkState(Preconditions.java:585)
at org.openqa.selenium.remote.service.DriverService.checkExecutable(DriverService.java:146)
at org.openqa.selenium.remote.service.DriverService.findExecutable(DriverService.java:141)
at org.openqa.selenium.chrome.ChromeDriverService.access$000(ChromeDriverService.java:35)
at org.openqa.selenium.chrome.ChromeDriverService$Builder.findDefaultExecutable(ChromeDriverService.java:159)
at org.openqa.selenium.remote.service.DriverService$Builder.build(DriverService.java:355)
at org.openqa.selenium.chrome.ChromeDriverService.createDefaultService(ChromeDriverService.java:94)
at org.openqa.selenium.chrome.ChromeDriver.<init>(ChromeDriver.java:123)
at Automation_Testcases.Filter_Functionality.testcase1(Filter_Functionality.java:24)
at java.base/java.util.ArrayList.forEach(ArrayList.java:1511)
... Removed 31 stack frames]]>
    </failure>
  </testcase> <!-- @BeforeMethod testcase1 -->
  <testcase classname="Automation_Testcases.Filter_Functionality" name="@AfterMethod testcase7" time="0.0">
    <skipped/>
  </testcase> <!-- @AfterMethod testcase7 -->
  <testcase classname="Automation_Testcases.Filter_Functionality" name="@BeforeMethod testcase1" time="0.0">
    <skipped/>
  </testcase> <!-- @BeforeMethod testcase1 -->
  <testcase classname="Automation_Testcases.Filter_Functionality" name="@AfterMethod testcase7" time="0.0">
    <skipped/>
  </testcase> <!-- @AfterMethod testcase7 -->
  <testcase classname="Automation_Testcases.Filter_Functionality" name="@BeforeMethod testcase1" time="0.0">
    <skipped/>
  </testcase> <!-- @BeforeMethod testcase1 -->
  <testcase classname="Automation_Testcases.Filter_Functionality" name="@AfterMethod testcase7" time="0.0">
    <skipped/>
  </testcase> <!-- @AfterMethod testcase7 -->
  <testcase classname="Automation_Testcases.Filter_Functionality" name="@BeforeMethod testcase1" time="0.0">
    <skipped/>
  </testcase> <!-- @BeforeMethod testcase1 -->
  <testcase classname="Automation_Testcases.Filter_Functionality" name="@AfterMethod testcase7" time="0.0">
    <skipped/>
  </testcase> <!-- @AfterMethod testcase7 -->
  <testcase classname="Automation_Testcases.Filter_Functionality" name="@BeforeMethod testcase1" time="0.0">
    <skipped/>
  </testcase> <!-- @BeforeMethod testcase1 -->
  <testcase classname="Automation_Testcases.Filter_Functionality" name="@AfterMethod testcase7" time="0.0">
    <skipped/>
  </testcase> <!-- @AfterMethod testcase7 -->
  <testcase classname="Automation_Testcases.Checkout_Functionality" name="@BeforeMethod testcase1" time="0.008">
    <failure type="java.lang.IllegalStateException" message="The driver executable does not exist: C:\Users\Maha\chromedriver-win64(1)\chromedriver-win64\chromedriver.exe">
      <![CDATA[java.lang.IllegalStateException: The driver executable does not exist: C:\Users\Maha\chromedriver-win64(1)\chromedriver-win64\chromedriver.exe
at com.google.common.base.Preconditions.checkState(Preconditions.java:585)
at org.openqa.selenium.remote.service.DriverService.checkExecutable(DriverService.java:146)
at org.openqa.selenium.remote.service.DriverService.findExecutable(DriverService.java:141)
at org.openqa.selenium.chrome.ChromeDriverService.access$000(ChromeDriverService.java:35)
at org.openqa.selenium.chrome.ChromeDriverService$Builder.findDefaultExecutable(ChromeDriverService.java:159)
at org.openqa.selenium.remote.service.DriverService$Builder.build(DriverService.java:355)
at org.openqa.selenium.chrome.ChromeDriverService.createDefaultService(ChromeDriverService.java:94)
at org.openqa.selenium.chrome.ChromeDriver.<init>(ChromeDriver.java:123)
at Automation_Testcases.Checkout_Functionality.testcase1(Checkout_Functionality.java:23)
at java.base/java.util.ArrayList.forEach(ArrayList.java:1511)
... Removed 31 stack frames]]>
    </failure>
  </testcase> <!-- @BeforeMethod testcase1 -->
  <testcase classname="Automation_Testcases.Checkout_Functionality" name="@AfterMethod testcase8" time="0.0">
    <skipped/>
  </testcase> <!-- @AfterMethod testcase8 -->
  <testcase classname="Automation_Testcases.Checkout_Functionality" name="@BeforeMethod testcase1" time="0.0">
    <skipped/>
  </testcase> <!-- @BeforeMethod testcase1 -->
  <testcase classname="Automation_Testcases.Checkout_Functionality" name="@AfterMethod testcase8" time="0.0">
    <skipped/>
  </testcase> <!-- @AfterMethod testcase8 -->
  <testcase classname="Automation_Testcases.Checkout_Functionality" name="@BeforeMethod testcase1" time="0.0">
    <skipped/>
  </testcase> <!-- @BeforeMethod testcase1 -->
  <testcase classname="Automation_Testcases.Checkout_Functionality" name="@AfterMethod testcase8" time="0.0">
    <skipped/>
  </testcase> <!-- @AfterMethod testcase8 -->
  <testcase classname="Automation_Testcases.Checkout_Functionality" name="@BeforeMethod testcase1" time="0.0">
    <skipped/>
  </testcase> <!-- @BeforeMethod testcase1 -->
  <testcase classname="Automation_Testcases.Checkout_Functionality" name="@AfterMethod testcase8" time="0.0">
    <skipped/>
  </testcase> <!-- @AfterMethod testcase8 -->
  <testcase classname="Automation_Testcases.Checkout_Functionality" name="@BeforeMethod testcase1" time="0.0">
    <skipped/>
  </testcase> <!-- @BeforeMethod testcase1 -->
  <testcase classname="Automation_Testcases.Checkout_Functionality" name="@AfterMethod testcase8" time="0.0">
    <skipped/>
  </testcase> <!-- @AfterMethod testcase8 -->
  <testcase classname="Automation_Testcases.Checkout_Functionality" name="@BeforeMethod testcase1" time="0.0">
    <skipped/>
  </testcase> <!-- @BeforeMethod testcase1 -->
  <testcase classname="Automation_Testcases.Checkout_Functionality" name="@AfterMethod testcase8" time="0.0">
    <skipped/>
  </testcase> <!-- @AfterMethod testcase8 -->
  <testcase classname="Automation_Testcases.Menubar_Functionality" name="@BeforeMethod testcase1" time="0.007">
    <failure type="java.lang.IllegalStateException" message="The driver executable does not exist: C:\Users\Maha\chromedriver-win64(1)\chromedriver-win64\chromedriver.exe">
      <![CDATA[java.lang.IllegalStateException: The driver executable does not exist: C:\Users\Maha\chromedriver-win64(1)\chromedriver-win64\chromedriver.exe
at com.google.common.base.Preconditions.checkState(Preconditions.java:585)
at org.openqa.selenium.remote.service.DriverService.checkExecutable(DriverService.java:146)
at org.openqa.selenium.remote.service.DriverService.findExecutable(DriverService.java:141)
at org.openqa.selenium.chrome.ChromeDriverService.access$000(ChromeDriverService.java:35)
at org.openqa.selenium.chrome.ChromeDriverService$Builder.findDefaultExecutable(ChromeDriverService.java:159)
at org.openqa.selenium.remote.service.DriverService$Builder.build(DriverService.java:355)
at org.openqa.selenium.chrome.ChromeDriverService.createDefaultService(ChromeDriverService.java:94)
at org.openqa.selenium.chrome.ChromeDriver.<init>(ChromeDriver.java:123)
at Automation_Testcases.Menubar_Functionality.testcase1(Menubar_Functionality.java:25)
at java.base/java.util.ArrayList.forEach(ArrayList.java:1511)
... Removed 31 stack frames]]>
    </failure>
  </testcase> <!-- @BeforeMethod testcase1 -->
  <testcase classname="Automation_Testcases.Menubar_Functionality" name="@AfterMethod testcase5" time="0.0">
    <skipped/>
  </testcase> <!-- @AfterMethod testcase5 -->
  <testcase classname="Automation_Testcases.Menubar_Functionality" name="@BeforeMethod testcase1" time="0.0">
    <skipped/>
  </testcase> <!-- @BeforeMethod testcase1 -->
  <testcase classname="Automation_Testcases.Menubar_Functionality" name="@AfterMethod testcase5" time="0.0">
    <skipped/>
  </testcase> <!-- @AfterMethod testcase5 -->
  <testcase classname="Automation_Testcases.Menubar_Functionality" name="@BeforeMethod testcase1" time="0.0">
    <skipped/>
  </testcase> <!-- @BeforeMethod testcase1 -->
  <testcase classname="Automation_Testcases.Menubar_Functionality" name="@AfterMethod testcase5" time="0.0">
    <skipped/>
  </testcase> <!-- @AfterMethod testcase5 -->
  <testcase classname="Automation_Testcases.Launching_Application" name="testcase1" time="0.072">
    <failure type="java.lang.IllegalStateException" message="The driver executable does not exist: C:\Users\Maha\chromedriver-win64(1)\chromedriver-win64\chromedriver.exe">
      <![CDATA[java.lang.IllegalStateException: The driver executable does not exist: C:\Users\Maha\chromedriver-win64(1)\chromedriver-win64\chromedriver.exe
at com.google.common.base.Preconditions.checkState(Preconditions.java:585)
at org.openqa.selenium.remote.service.DriverService.checkExecutable(DriverService.java:146)
at org.openqa.selenium.remote.service.DriverService.findExecutable(DriverService.java:141)
at org.openqa.selenium.chrome.ChromeDriverService.access$000(ChromeDriverService.java:35)
at org.openqa.selenium.chrome.ChromeDriverService$Builder.findDefaultExecutable(ChromeDriverService.java:159)
at org.openqa.selenium.remote.service.DriverService$Builder.build(DriverService.java:355)
at org.openqa.selenium.chrome.ChromeDriverService.createDefaultService(ChromeDriverService.java:94)
at org.openqa.selenium.chrome.ChromeDriver.<init>(ChromeDriver.java:123)
at Automation_Testcases.Launching_Application.testcase1(Launching_Application.java:18)
at java.base/java.util.ArrayList.forEach(ArrayList.java:1511)
... Removed 27 stack frames]]>
    </failure>
  </testcase> <!-- testcase1 -->
  <testcase classname="Automation_Testcases.Login_Functionality" name="testcase2" time="0.0">
    <skipped/>
  </testcase> <!-- testcase2 -->
  <testcase classname="Automation_Testcases.Login_Functionality" name="testcase3" time="0.002">
    <skipped/>
  </testcase> <!-- testcase3 -->
  <testcase classname="Automation_Testcases.Login_Functionality" name="testcase4" time="0.001">
    <skipped/>
  </testcase> <!-- testcase4 -->
  <testcase classname="Automation_Testcases.Login_Functionality" name="testcase5" time="0.0">
    <skipped/>
  </testcase> <!-- testcase5 -->
  <testcase classname="Automation_Testcases.Login_Functionality" name="testcase6" time="0.0">
    <skipped/>
  </testcase> <!-- testcase6 -->
  <testcase classname="Automation_Testcases.Addtocart_functionality" name="addtocart" time="0.002">
    <failure type="java.lang.NullPointerException" message="Cannot invoke &amp;quot;org.openqa.selenium.WebDriver.findElement(org.openqa.selenium.By)&amp;quot; because &amp;quot;this.driver&amp;quot; is null">
      <![CDATA[java.lang.NullPointerException: Cannot invoke "org.openqa.selenium.WebDriver.findElement(org.openqa.selenium.By)" because "this.driver" is null
at Automation_Testcases.Addtocart_functionality.addtocart(Addtocart_functionality.java:55)
at java.base/java.util.ArrayList.forEach(ArrayList.java:1511)
... Removed 27 stack frames]]>
    </failure>
  </testcase> <!-- addtocart -->
  <testcase classname="Automation_Testcases.Addtocart_functionality" name="testcase3" time="0.0">
    <skipped/>
  </testcase> <!-- testcase3 -->
  <testcase classname="Automation_Testcases.Addtocart_functionality" name="testcase4" time="0.0">
    <skipped/>
  </testcase> <!-- testcase4 -->
  <testcase classname="Automation_Testcases.Addtocart_functionality" name="testcase5" time="0.0">
    <skipped/>
  </testcase> <!-- testcase5 -->
  <testcase classname="Automation_Testcases.Filter_Functionality" name="testcase2" time="0.0">
    <skipped/>
  </testcase> <!-- testcase2 -->
  <testcase classname="Automation_Testcases.Filter_Functionality" name="testcase3" time="0.0">
    <skipped/>
  </testcase> <!-- testcase3 -->
  <testcase classname="Automation_Testcases.Filter_Functionality" name="testcase4" time="0.0">
    <skipped/>
  </testcase> <!-- testcase4 -->
  <testcase classname="Automation_Testcases.Filter_Functionality" name="testcase5" time="0.0">
    <skipped/>
  </testcase> <!-- testcase5 -->
  <testcase classname="Automation_Testcases.Filter_Functionality" name="testcase6" time="0.0">
    <skipped/>
  </testcase> <!-- testcase6 -->
  <testcase classname="Automation_Testcases.Checkout_Functionality" name="testcase2" time="0.001">
    <skipped/>
  </testcase> <!-- testcase2 -->
  <testcase classname="Automation_Testcases.Checkout_Functionality" name="testcase3" time="0.001">
    <skipped/>
  </testcase> <!-- testcase3 -->
  <testcase classname="Automation_Testcases.Checkout_Functionality" name="testcase4" time="0.0">
    <skipped/>
  </testcase> <!-- testcase4 -->
  <testcase classname="Automation_Testcases.Checkout_Functionality" name="testcase5" time="0.0">
    <skipped/>
  </testcase> <!-- testcase5 -->
  <testcase classname="Automation_Testcases.Checkout_Functionality" name="testcase6" time="0.0">
    <skipped/>
  </testcase> <!-- testcase6 -->
  <testcase classname="Automation_Testcases.Checkout_Functionality" name="testcase7" time="0.0">
    <skipped/>
  </testcase> <!-- testcase7 -->
  <testcase classname="Automation_Testcases.Menubar_Functionality" name="testcase2" time="0.0">
    <skipped/>
  </testcase> <!-- testcase2 -->
  <testcase classname="Automation_Testcases.Menubar_Functionality" name="testcase3" time="0.0">
    <skipped/>
  </testcase> <!-- testcase3 -->
  <testcase classname="Automation_Testcases.Menubar_Functionality" name="testcase4" time="0.0">
    <skipped/>
  </testcase> <!-- testcase4 -->
</testsuite> <!-- Test -->
